<?xml version="1.0" encoding="UTF-8"?>
<testng-results skipped="0" failed="0" ignored="0" total="1" passed="1">
  <reporter-output>
  </reporter-output>
  <suite name="Paytm mall online Testcase" duration-ms="60482" started-at="2020-07-01T14:57:35 IST" finished-at="2020-07-01T14:58:36 IST">
    <groups>
    </groups>
    <test name="General function Testcase" duration-ms="60482" started-at="2020-07-01T14:57:35 IST" finished-at="2020-07-01T14:58:36 IST">
      <class name="com_PageTestCase.Testcase1">
        <test-method status="PASS" signature="BrowserLaunching()[pri:0, instance:com_PageTestCase.Testcase1@63e2203c]" name="BrowserLaunching" is-config="true" duration-ms="16638" started-at="2020-07-01T14:57:18 IST" finished-at="2020-07-01T14:57:35 IST">
          <reporter-output>
          </reporter-output>
        </test-method> <!-- BrowserLaunching -->
        <test-method status="PASS" signature="Page1()[pri:0, instance:com_PageTestCase.Testcase1@63e2203c]" name="Page1" duration-ms="60406" started-at="2020-07-01T14:57:35 IST" finished-at="2020-07-01T14:58:35 IST">
          <reporter-output>
          </reporter-output>
        </test-method> <!-- Page1 -->
      </class> <!-- com_PageTestCase.Testcase1 -->
    </test> <!-- General function Testcase -->
  </suite> <!-- Paytm mall online Testcase -->
</testng-results>
